  autofit.c
  ftbitmap.c
  ftfstype.c
  ftgasp.c
  ftstroke.c
  ftbbox.c
  ftfntfmt.c
  ftpfr.c
g:\freetype-2.8.1\src\autofit\afscript.h : warning C4819: 该文件包含不能在当前代码页(936)中表示的字符。请将该文件保存为 Unicode 格式以防止数据丢失 (编译源文件 ..\..\..\src\autofit\autofit.c)
g:\freetype-2.8.1\src\autofit\afblue.c : warning C4819: 该文件包含不能在当前代码页(936)中表示的字符。请将该文件保存为 Unicode 格式以防止数据丢失 (编译源文件 ..\..\..\src\autofit\autofit.c)
g:\freetype-2.8.1\src\autofit\afblue.c(249): warning C4819: 该文件包含不能在当前代码页(936)中表示的字符。请将该文件保存为 Unicode 格式以防止数据丢失 (编译源文件 ..\..\..\src\autofit\autofit.c)
g:\freetype-2.8.1\src\autofit\afscript.h : warning C4819: 该文件包含不能在当前代码页(936)中表示的字符。请将该文件保存为 Unicode 格式以防止数据丢失 (编译源文件 ..\..\..\src\autofit\autofit.c)
g:\freetype-2.8.1\src\autofit\afscript.h : warning C4819: 该文件包含不能在当前代码页(936)中表示的字符。请将该文件保存为 Unicode 格式以防止数据丢失 (编译源文件 ..\..\..\src\autofit\autofit.c)
g:\freetype-2.8.1\src\autofit\afscript.h : warning C4819: 该文件包含不能在当前代码页(936)中表示的字符。请将该文件保存为 Unicode 格式以防止数据丢失 (编译源文件 ..\..\..\src\autofit\autofit.c)
g:\freetype-2.8.1\src\autofit\afscript.h : warning C4819: 该文件包含不能在当前代码页(936)中表示的字符。请将该文件保存为 Unicode 格式以防止数据丢失 (编译源文件 ..\..\..\src\autofit\autofit.c)
g:\freetype-2.8.1\src\autofit\afscript.h : warning C4819: 该文件包含不能在当前代码页(936)中表示的字符。请将该文件保存为 Unicode 格式以防止数据丢失 (编译源文件 ..\..\..\src\autofit\autofit.c)
  ftsynth.c
  fttype1.c
  ftwinfnt.c
  ftlcdfil.c
  ftgxval.c
  ftotval.c
  ftpatent.c
  bdf.c
  cff.c
  ftbase.c
  ftcache.c
  ftglyph.c
  ftgzip.c
  ftinit.c
  ftlzw.c
g:\freetype-2.8.1\src\cff\cffload.c(1371): warning C4244: “=”: 从“FT_UInt32”转换到“FT_Byte”，可能丢失数据 (编译源文件 ..\..\..\src\cff\cff.c)
  ftsystem.c
  smooth.c
  ftmm.c
  pcf.c
  pfr.c
  psaux.c
g:\freetype-2.8.1\src\base\ftobjs.c(4999): warning C4702: 无法访问的代码
g:\freetype-2.8.1\src\base\ftobjs.c(5000): warning C4702: 无法访问的代码
  pshinter.c
  psmodule.c
  raster.c
  sfnt.c
  truetype.c
  type1.c
g:\freetype-2.8.1\src\sfnt\ttload.c : warning C4819: 该文件包含不能在当前代码页(936)中表示的字符。请将该文件保存为 Unicode 格式以防止数据丢失 (编译源文件 ..\..\..\src\sfnt\sfnt.c)
  type1cid.c
  type42.c
g:\freetype-2.8.1\src\truetype\ttobjs.c(788): warning C4819: 该文件包含不能在当前代码页(936)中表示的字符。请将该文件保存为 Unicode 格式以防止数据丢失 (编译源文件 ..\..\..\src\truetype\truetype.c)
  winfnt.c
  ftdebug.c
    正在创建库 .\..\..\..\objs\vc2010\Win32\freetype281MT.lib 和对象 .\..\..\..\objs\vc2010\Win32\freetype281MT.exp
  freetype.vcxproj -> G:\freetype-2.8.1\builds\windows\vc2010\.\..\..\..\objs\vc2010\Win32\freetype281MT.dll
