g:\freetype-2.8.1\objs\vc2010\x64\release multithreaded\ftbitmap.obj
g:\freetype-2.8.1\objs\vc2010\x64\release multithreaded\ftotval.obj
g:\freetype-2.8.1\objs\vc2010\x64\release multithreaded\ftpfr.obj
g:\freetype-2.8.1\objs\vc2010\x64\release multithreaded\fttype1.obj
g:\freetype-2.8.1\objs\vc2010\x64\release multithreaded\ftgasp.obj
g:\freetype-2.8.1\objs\vc2010\x64\release multithreaded\ftwinfnt.obj
g:\freetype-2.8.1\objs\vc2010\x64\release multithreaded\ftstroke.obj
g:\freetype-2.8.1\objs\vc2010\x64\release multithreaded\autofit.obj
g:\freetype-2.8.1\objs\vc2010\x64\release multithreaded\ftfstype.obj
g:\freetype-2.8.1\objs\vc2010\x64\release multithreaded\ftsynth.obj
g:\freetype-2.8.1\objs\vc2010\x64\release multithreaded\ftfntfmt.obj
g:\freetype-2.8.1\objs\vc2010\x64\release multithreaded\ftgxval.obj
g:\freetype-2.8.1\objs\vc2010\x64\release multithreaded\ftbbox.obj
g:\freetype-2.8.1\objs\vc2010\x64\release multithreaded\ftlcdfil.obj
g:\freetype-2.8.1\objs\vc2010\x64\release multithreaded\ftpatent.obj
g:\freetype-2.8.1\objs\vc2010\x64\release multithreaded\ftinit.obj
g:\freetype-2.8.1\objs\vc2010\x64\release multithreaded\ftsystem.obj
g:\freetype-2.8.1\objs\vc2010\x64\release multithreaded\pshinter.obj
g:\freetype-2.8.1\objs\vc2010\x64\release multithreaded\ftbase.obj
g:\freetype-2.8.1\objs\vc2010\x64\release multithreaded\truetype.obj
g:\freetype-2.8.1\objs\vc2010\x64\release multithreaded\cff.obj
g:\freetype-2.8.1\objs\vc2010\x64\release multithreaded\ftgzip.obj
g:\freetype-2.8.1\objs\vc2010\x64\release multithreaded\psaux.obj
g:\freetype-2.8.1\objs\vc2010\x64\release multithreaded\type42.obj
g:\freetype-2.8.1\objs\vc2010\x64\release multithreaded\ftlzw.obj
g:\freetype-2.8.1\objs\vc2010\x64\release multithreaded\ftmm.obj
g:\freetype-2.8.1\objs\vc2010\x64\release multithreaded\pfr.obj
g:\freetype-2.8.1\objs\vc2010\x64\release multithreaded\type1.obj
g:\freetype-2.8.1\objs\vc2010\x64\release multithreaded\bdf.obj
g:\freetype-2.8.1\objs\vc2010\x64\release multithreaded\psmodule.obj
g:\freetype-2.8.1\objs\vc2010\x64\release multithreaded\type1cid.obj
g:\freetype-2.8.1\objs\vc2010\x64\release multithreaded\ftcache.obj
g:\freetype-2.8.1\objs\vc2010\x64\release multithreaded\pcf.obj
g:\freetype-2.8.1\objs\vc2010\x64\release multithreaded\sfnt.obj
g:\freetype-2.8.1\objs\vc2010\x64\release multithreaded\ftglyph.obj
g:\freetype-2.8.1\objs\vc2010\x64\release multithreaded\smooth.obj
g:\freetype-2.8.1\objs\vc2010\x64\release multithreaded\raster.obj
g:\freetype-2.8.1\objs\vc2010\x64\release multithreaded\winfnt.obj
g:\freetype-2.8.1\objs\vc2010\x64\release multithreaded\ftdebug.obj
g:\freetype-2.8.1\objs\vc2010\x64\freetype281mt.ilk
g:\freetype-2.8.1\objs\vc2010\x64\freetype281mt.dll
g:\freetype-2.8.1\objs\vc2010\x64\freetype281mt.pdb
g:\freetype-2.8.1\builds\windows\vc2010\.\..\..\..\objs\vc2010\x64\freetype281mt.dll
g:\freetype-2.8.1\objs\vc2010\x64\release multithreaded\freetype.tlog\cl.command.1.tlog
g:\freetype-2.8.1\objs\vc2010\x64\release multithreaded\freetype.tlog\cl.read.1.tlog
g:\freetype-2.8.1\objs\vc2010\x64\release multithreaded\freetype.tlog\cl.write.1.tlog
g:\freetype-2.8.1\objs\vc2010\x64\release multithreaded\freetype.tlog\link.command.1.tlog
g:\freetype-2.8.1\objs\vc2010\x64\release multithreaded\freetype.tlog\link.read.1.tlog
g:\freetype-2.8.1\objs\vc2010\x64\release multithreaded\freetype.tlog\link.write.1.tlog
